[INFO] Scanning for projects...
[INFO] 
[INFO] --------------------< com.ecommerce:api-geek-store >--------------------
[INFO] Building api-geek-store 0.0.1-SNAPSHOT
[INFO]   from pom.xml
[INFO] --------------------------------[ jar ]---------------------------------
[INFO] 
[INFO] >>> spring-boot:3.5.6:run (default-cli) > test-compile @ api-geek-store >>>
[INFO] 
[INFO] --- resources:3.3.1:resources (default-resources) @ api-geek-store ---
[INFO] Copying 1 resource from src/main/resources to target/classes
[INFO] Copying 0 resource from src/main/resources to target/classes
[INFO] 
[INFO] --- compiler:3.13.0:compile (default-compile) @ api-geek-store ---
[INFO] Nothing to compile - all classes are up to date.
[INFO] 
[INFO] --- resources:3.3.1:testResources (default-testResources) @ api-geek-store ---
[INFO] skip non existing resourceDirectory /home/barretto/backend-archive/src/test/resources
[INFO] 
[INFO] --- compiler:3.13.0:testCompile (default-testCompile) @ api-geek-store ---
[INFO] Nothing to compile - all classes are up to date.
[INFO] 
[INFO] <<< spring-boot:3.5.6:run (default-cli) < test-compile @ api-geek-store <<<
[INFO] 
[INFO] 
[INFO] --- spring-boot:3.5.6:run (default-cli) @ api-geek-store ---
[INFO] Attaching agents: []

  .   ____          _            __ _ _
 /\\ / ___'_ __ _ _(_)_ __  __ _ \ \ \ \
( ( )\___ | '_ | '_| | '_ \/ _` | \ \ \ \
 \\/  ___)| |_)| | | | | || (_| |  ) ) ) )
  '  |____| .__|_| |_|_| |_\__, | / / / /
 =========|_|==============|___/=/_/_/_/

 :: Spring Boot ::                (v3.5.6)

2026-05-25T01:05:20.462-05:00  INFO 18878 --- [api-geek-store] [           main] c.e.a.ApiGeekStoreApplication            : Starting ApiGeekStoreApplication using Java 21.0.2 with PID 18878 (/home/barretto/backend-archive/target/classes started by barretto in /home/barretto/backend-archive)
2026-05-25T01:05:20.463-05:00  INFO 18878 --- [api-geek-store] [           main] c.e.a.ApiGeekStoreApplication            : No active profile set, falling back to 1 default profile: "default"
2026-05-25T01:05:21.121-05:00  INFO 18878 --- [api-geek-store] [           main] .s.d.r.c.RepositoryConfigurationDelegate : Bootstrapping Spring Data JPA repositories in DEFAULT mode.
2026-05-25T01:05:21.198-05:00  INFO 18878 --- [api-geek-store] [           main] .s.d.r.c.RepositoryConfigurationDelegate : Finished Spring Data repository scanning in 71 ms. Found 12 JPA repository interfaces.
2026-05-25T01:05:21.811-05:00  INFO 18878 --- [api-geek-store] [           main] o.s.b.w.embedded.tomcat.TomcatWebServer  : Tomcat initialized with port 8080 (http)
2026-05-25T01:05:21.823-05:00  INFO 18878 --- [api-geek-store] [           main] o.apache.catalina.core.StandardService   : Starting service [Tomcat]
2026-05-25T01:05:21.823-05:00  INFO 18878 --- [api-geek-store] [           main] o.apache.catalina.core.StandardEngine    : Starting Servlet engine: [Apache Tomcat/10.1.46]
2026-05-25T01:05:21.863-05:00  INFO 18878 --- [api-geek-store] [           main] o.a.c.c.C.[Tomcat].[localhost].[/]       : Initializing Spring embedded WebApplicationContext
2026-05-25T01:05:21.864-05:00  INFO 18878 --- [api-geek-store] [           main] w.s.c.ServletWebServerApplicationContext : Root WebApplicationContext: initialization completed in 1360 ms
2026-05-25T01:05:22.023-05:00  INFO 18878 --- [api-geek-store] [           main] o.hibernate.jpa.internal.util.LogHelper  : HHH000204: Processing PersistenceUnitInfo [name: default]
2026-05-25T01:05:22.061-05:00  INFO 18878 --- [api-geek-store] [           main] org.hibernate.Version                    : HHH000412: Hibernate ORM core version 6.6.29.Final
2026-05-25T01:05:22.088-05:00  INFO 18878 --- [api-geek-store] [           main] o.h.c.internal.RegionFactoryInitiator    : HHH000026: Second-level cache disabled
2026-05-25T01:05:22.259-05:00  INFO 18878 --- [api-geek-store] [           main] o.s.o.j.p.SpringPersistenceUnitInfo      : No LoadTimeWeaver setup: ignoring JPA class transformer
2026-05-25T01:05:22.282-05:00  INFO 18878 --- [api-geek-store] [           main] com.zaxxer.hikari.HikariDataSource       : HikariPool-1 - Starting...
2026-05-25T01:05:22.400-05:00  INFO 18878 --- [api-geek-store] [           main] com.zaxxer.hikari.pool.HikariPool        : HikariPool-1 - Added connection org.postgresql.jdbc.PgConnection@114b203
2026-05-25T01:05:22.401-05:00  INFO 18878 --- [api-geek-store] [           main] com.zaxxer.hikari.HikariDataSource       : HikariPool-1 - Start completed.
2026-05-25T01:05:22.422-05:00  WARN 18878 --- [api-geek-store] [           main] org.hibernate.orm.deprecation            : HHH90000025: PostgreSQLDialect does not need to be specified explicitly using 'hibernate.dialect' (remove the property setting and it will be selected by default)
2026-05-25T01:05:22.437-05:00  INFO 18878 --- [api-geek-store] [           main] org.hibernate.orm.connections.pooling    : HHH10001005: Database info:
	Database JDBC URL [Connecting through datasource 'HikariDataSource (HikariPool-1)']
	Database driver: undefined/unknown
	Database version: 18.3
	Autocommit mode: undefined/unknown
	Isolation level: undefined/unknown
	Minimum pool size: undefined/unknown
	Maximum pool size: undefined/unknown
2026-05-25T01:05:23.411-05:00  INFO 18878 --- [api-geek-store] [           main] o.h.e.t.j.p.i.JtaPlatformInitiator       : HHH000489: No JTA platform available (set 'hibernate.transaction.jta.platform' to enable JTA platform integration)
2026-05-25T01:05:24.159-05:00  INFO 18878 --- [api-geek-store] [           main] j.LocalContainerEntityManagerFactoryBean : Initialized JPA EntityManagerFactory for persistence unit 'default'
2026-05-25T01:05:24.418-05:00  INFO 18878 --- [api-geek-store] [           main] o.s.d.j.r.query.QueryEnhancerFactory     : Hibernate is in classpath; If applicable, HQL parser will be used.
2026-05-25T01:05:26.332-05:00  INFO 18878 --- [api-geek-store] [           main] eAuthenticationProviderManagerConfigurer : Global AuthenticationManager configured with AuthenticationProvider bean with name authenticationProvider
2026-05-25T01:05:26.333-05:00  WARN 18878 --- [api-geek-store] [           main] r$InitializeUserDetailsManagerConfigurer : Global AuthenticationManager configured with an AuthenticationProvider bean. UserDetailsService beans will not be used by Spring Security for automatically configuring username/password login. Consider removing the AuthenticationProvider bean. Alternatively, consider using the UserDetailsService in a manually instantiated DaoAuthenticationProvider. If the current configuration is intentional, to turn off this warning, increase the logging level of 'org.springframework.security.config.annotation.authentication.configuration.InitializeUserDetailsBeanManagerConfigurer' to ERROR
2026-05-25T01:05:26.512-05:00  INFO 18878 --- [api-geek-store] [           main] c.e.a.config.CloudinaryConfig            : Cloudinary configurado correctamente para la cuenta: dsp3zjbs9
2026-05-25T01:05:26.797-05:00  INFO 18878 --- [api-geek-store] [           main] c.e.a.service.payment.PaymentService     : Servicio de Pagos inicializado con Mercado Pago.
2026-05-25T01:05:26.938-05:00  WARN 18878 --- [api-geek-store] [           main] JpaBaseConfiguration$JpaWebConfiguration : spring.jpa.open-in-view is enabled by default. Therefore, database queries may be performed during view rendering. Explicitly configure spring.jpa.open-in-view to disable this warning
2026-05-25T01:05:26.975-05:00  INFO 18878 --- [api-geek-store] [           main] c.e.api_geek_store.config.WebConfig      : CORS Configurado para: [http://localhost:3000s]
2026-05-25T01:05:27.609-05:00  INFO 18878 --- [api-geek-store] [           main] o.s.b.w.embedded.tomcat.TomcatWebServer  : Tomcat started on port 8080 (http) with context path '/'
2026-05-25T01:05:27.617-05:00  INFO 18878 --- [api-geek-store] [           main] c.e.a.ApiGeekStoreApplication            : Started ApiGeekStoreApplication in 7.476 seconds (process running for 7.732)
2026-05-25T01:08:27.107-05:00  INFO 18878 --- [api-geek-store] [ionShutdownHook] o.s.b.w.e.tomcat.GracefulShutdown        : Commencing graceful shutdown. Waiting for active requests to complete
2026-05-25T01:08:27.110-05:00  INFO 18878 --- [api-geek-store] [tomcat-shutdown] o.s.b.w.e.tomcat.GracefulShutdown        : Graceful shutdown complete
2026-05-25T01:08:27.118-05:00  INFO 18878 --- [api-geek-store] [ionShutdownHook] j.LocalContainerEntityManagerFactoryBean : Closing JPA EntityManagerFactory for persistence unit 'default'
2026-05-25T01:08:27.121-05:00  INFO 18878 --- [api-geek-store] [ionShutdownHook] com.zaxxer.hikari.HikariDataSource       : HikariPool-1 - Shutdown initiated...
2026-05-25T01:08:27.126-05:00  INFO 18878 --- [api-geek-store] [ionShutdownHook] com.zaxxer.hikari.HikariDataSource       : HikariPool-1 - Shutdown completed.
